{"obj": {"type": "AssignString", "path": ["sys", "name"], "value": "Untitled"}, "version": 1, "at": 1718548739.0490434}
{"obj": {"type": "AssignString", "path": ["sys", "description"], "value": ""}, "version": 2, "at": 1718548739.0490434}
{"obj": {"type": "AssignString", "path": ["monitoring", "4c726a34", "hostname"], "value": "DESKTOP-68KN1FC"}, "version": 3, "at": 1718548739.0490434}
{"obj": {"type": "AssignString", "path": ["sys", "hostname"], "value": "DESKTOP-68KN1FC"}, "version": 4, "at": 1718548739.0500433}
{"obj": {"type": "AssignString", "path": ["monitoring", "4c726a34", "pid"], "value": "4916"}, "version": 5, "at": 1718548739.0500433}
{"obj": {"type": "AssignString", "path": ["monitoring", "4c726a34", "tid"], "value": "19716"}, "version": 6, "at": 1718548739.0500433}
{"obj": {"type": "AssignBool", "path": ["sys", "failed"], "value": false}, "version": 7, "at": 1718548739.0500433}
{"obj": {"type": "ClearStringLog", "path": ["monitoring", "4c726a34", "stdout"]}, "version": 8, "at": 1718548739.0500433}
{"obj": {"type": "ClearStringLog", "path": ["monitoring", "4c726a34", "stderr"]}, "version": 9, "at": 1718548739.0500433}
{"obj": {"type": "AssignString", "path": ["source_code", "entrypoint"], "value": "main.py"}, "version": 10, "at": 1718548739.0510428}
{"obj": {"type": "UploadFileSet", "path": ["source_code", "files"], "file_globs": ["C:\\Users\\Admin\\Desktop\\Leki Projekt\\Atom-representations-based-on-attention\\refactor_files\\main.py"], "reset": "False"}, "version": 11, "at": 1718548739.0510428}
{"obj": {"type": "UploadFile", "path": ["source_code", "diff"], "ext": "patch", "file_path": null, "tmp_file_name": "source_code_diff-1718548739.176043-2024-06-16_16.38.59.176043.patch", "clean_after_upload": false}, "version": 12, "at": 1718548739.1770427}
{"obj": {"type": "ConfigFloatSeries", "path": ["monitoring", "4c726a34", "cpu"], "min": 0.0, "max": 100.0, "unit": "%"}, "version": 13, "at": 1718548739.202049}
{"obj": {"type": "ClearFloatLog", "path": ["monitoring", "4c726a34", "cpu"]}, "version": 14, "at": 1718548739.202049}
{"obj": {"type": "ConfigFloatSeries", "path": ["monitoring", "4c726a34", "memory"], "min": 0.0, "max": 15.959075927734375, "unit": "GB"}, "version": 15, "at": 1718548739.202049}
{"obj": {"type": "ClearFloatLog", "path": ["monitoring", "4c726a34", "memory"]}, "version": 16, "at": 1718548739.202049}
{"obj": {"type": "ConfigFloatSeries", "path": ["monitoring", "4c726a34", "gpu"], "min": 0.0, "max": 100.0, "unit": "%"}, "version": 17, "at": 1718548739.202049}
{"obj": {"type": "ClearFloatLog", "path": ["monitoring", "4c726a34", "gpu"]}, "version": 18, "at": 1718548739.202049}
{"obj": {"type": "ConfigFloatSeries", "path": ["monitoring", "4c726a34", "gpu_memory"], "min": 0.0, "max": 8.0, "unit": "GB"}, "version": 19, "at": 1718548739.202049}
{"obj": {"type": "ClearFloatLog", "path": ["monitoring", "4c726a34", "gpu_memory"]}, "version": 20, "at": 1718548739.202049}
{"obj": {"type": "LogStrings", "path": ["monitoring", "4c726a34", "stdout"], "values": [{"value": "Changing test loader", "step": null, "ts": 1718548739.2040474}]}, "version": 21, "at": 1718548739.2040474}
{"obj": {"type": "LogFloats", "path": ["monitoring", "4c726a34", "cpu"], "values": [{"value": 46.1, "step": null, "ts": 1718548739.2030537}]}, "version": 22, "at": 1718548739.2040474}
{"obj": {"type": "LogStrings", "path": ["monitoring", "4c726a34", "stdout"], "values": [{"value": "\n", "step": null, "ts": 1718548739.2080443}]}, "version": 23, "at": 1718548739.2080443}
{"obj": {"type": "LogFloats", "path": ["monitoring", "4c726a34", "memory"], "values": [{"value": 12.128482818603516, "step": null, "ts": 1718548739.2030537}]}, "version": 24, "at": 1718548739.2140431}
{"obj": {"type": "LogFloats", "path": ["monitoring", "4c726a34", "gpu"], "values": [{"value": 16.0, "step": null, "ts": 1718548739.2030537}]}, "version": 25, "at": 1718548739.216053}
{"obj": {"type": "LogFloats", "path": ["monitoring", "4c726a34", "gpu_memory"], "values": [{"value": 1.2247467041015625, "step": null, "ts": 1718548739.2030537}]}, "version": 26, "at": 1718548739.2170498}
{"obj": {"type": "LogFloats", "path": ["monitoring", "4c726a34", "cpu"], "values": [{"value": 86.7, "step": null, "ts": 1718548749.2180452}]}, "version": 27, "at": 1718548749.2180452}
{"obj": {"type": "LogFloats", "path": ["monitoring", "4c726a34", "memory"], "values": [{"value": 12.18552017211914, "step": null, "ts": 1718548749.2180452}]}, "version": 28, "at": 1718548749.219045}
{"obj": {"type": "LogFloats", "path": ["monitoring", "4c726a34", "gpu"], "values": [{"value": 38.0, "step": null, "ts": 1718548749.2180452}]}, "version": 29, "at": 1718548749.219045}
{"obj": {"type": "LogFloats", "path": ["monitoring", "4c726a34", "gpu_memory"], "values": [{"value": 1.2339019775390625, "step": null, "ts": 1718548749.2180452}]}, "version": 30, "at": 1718548749.219045}
{"obj": {"type": "LogFloats", "path": ["monitoring", "4c726a34", "cpu"], "values": [{"value": 90.6, "step": null, "ts": 1718548759.219046}]}, "version": 31, "at": 1718548759.2210455}
{"obj": {"type": "LogFloats", "path": ["monitoring", "4c726a34", "memory"], "values": [{"value": 12.232872009277344, "step": null, "ts": 1718548759.219046}]}, "version": 32, "at": 1718548759.2210455}
{"obj": {"type": "LogFloats", "path": ["monitoring", "4c726a34", "gpu"], "values": [{"value": 39.0, "step": null, "ts": 1718548759.219046}]}, "version": 33, "at": 1718548759.2210455}
{"obj": {"type": "LogFloats", "path": ["monitoring", "4c726a34", "gpu_memory"], "values": [{"value": 1.2483367919921875, "step": null, "ts": 1718548759.219046}]}, "version": 34, "at": 1718548759.2220478}
{"obj": {"type": "LogFloats", "path": ["train_best", "0_loader", "epoch"], "values": [{"value": 1.9772595167160034, "step": null, "ts": 1718548759.2460446}]}, "version": 35, "at": 1718548759.2460446}
{"obj": {"type": "LogFloats", "path": ["monitoring", "4c726a34", "cpu"], "values": [{"value": 88.6, "step": null, "ts": 1718548769.2230499}]}, "version": 36, "at": 1718548769.2250454}
{"obj": {"type": "LogFloats", "path": ["monitoring", "4c726a34", "memory"], "values": [{"value": 12.186798095703125, "step": null, "ts": 1718548769.2230499}]}, "version": 37, "at": 1718548769.2250454}
{"obj": {"type": "LogFloats", "path": ["monitoring", "4c726a34", "gpu"], "values": [{"value": 49.0, "step": null, "ts": 1718548769.2230499}]}, "version": 38, "at": 1718548769.2250454}
{"obj": {"type": "LogFloats", "path": ["monitoring", "4c726a34", "gpu_memory"], "values": [{"value": 1.18218994140625, "step": null, "ts": 1718548769.2230499}]}, "version": 39, "at": 1718548769.2250454}
{"obj": {"type": "LogFloats", "path": ["train_best", "0_loader", "epoch"], "values": [{"value": 1.9411671161651611, "step": null, "ts": 1718548779.0400424}]}, "version": 40, "at": 1718548779.0400424}
{"obj": {"type": "LogFloats", "path": ["monitoring", "4c726a34", "cpu"], "values": [{"value": 88.1, "step": null, "ts": 1718548779.2250512}]}, "version": 41, "at": 1718548779.226142}
{"obj": {"type": "LogFloats", "path": ["monitoring", "4c726a34", "memory"], "values": [{"value": 12.19820785522461, "step": null, "ts": 1718548779.2250512}]}, "version": 42, "at": 1718548779.2270432}
{"obj": {"type": "LogFloats", "path": ["monitoring", "4c726a34", "gpu"], "values": [{"value": 36.0, "step": null, "ts": 1718548779.2250512}]}, "version": 43, "at": 1718548779.2270432}
{"obj": {"type": "LogFloats", "path": ["monitoring", "4c726a34", "gpu_memory"], "values": [{"value": 1.1488723754882812, "step": null, "ts": 1718548779.2250512}]}, "version": 44, "at": 1718548779.2270432}
{"obj": {"type": "LogFloats", "path": ["monitoring", "4c726a34", "cpu"], "values": [{"value": 83.2, "step": null, "ts": 1718548789.227045}]}, "version": 45, "at": 1718548789.2280436}
{"obj": {"type": "LogFloats", "path": ["monitoring", "4c726a34", "memory"], "values": [{"value": 12.22140884399414, "step": null, "ts": 1718548789.227045}]}, "version": 46, "at": 1718548789.2280436}
{"obj": {"type": "LogFloats", "path": ["monitoring", "4c726a34", "gpu"], "values": [{"value": 36.0, "step": null, "ts": 1718548789.227045}]}, "version": 47, "at": 1718548789.2280436}
{"obj": {"type": "LogFloats", "path": ["monitoring", "4c726a34", "gpu_memory"], "values": [{"value": 1.1459388732910156, "step": null, "ts": 1718548789.227045}]}, "version": 48, "at": 1718548789.2290459}
{"obj": {"type": "LogFloats", "path": ["train_best", "0_loader", "epoch"], "values": [{"value": 1.9390290975570679, "step": null, "ts": 1718548796.4530451}]}, "version": 49, "at": 1718548796.4530451}
{"obj": {"type": "LogFloats", "path": ["monitoring", "4c726a34", "cpu"], "values": [{"value": 86.7, "step": null, "ts": 1718548799.2300477}]}, "version": 50, "at": 1718548799.2310474}
{"obj": {"type": "LogFloats", "path": ["monitoring", "4c726a34", "memory"], "values": [{"value": 12.254127502441406, "step": null, "ts": 1718548799.2300477}]}, "version": 51, "at": 1718548799.2310474}
{"obj": {"type": "LogFloats", "path": ["monitoring", "4c726a34", "gpu"], "values": [{"value": 50.0, "step": null, "ts": 1718548799.2300477}]}, "version": 52, "at": 1718548799.2310474}
{"obj": {"type": "LogFloats", "path": ["monitoring", "4c726a34", "gpu_memory"], "values": [{"value": 1.1654205322265625, "step": null, "ts": 1718548799.2300477}]}, "version": 53, "at": 1718548799.2310474}
{"obj": {"type": "LogFloats", "path": ["monitoring", "4c726a34", "cpu"], "values": [{"value": 84.7, "step": null, "ts": 1718548809.2320447}]}, "version": 54, "at": 1718548809.233046}
{"obj": {"type": "LogFloats", "path": ["monitoring", "4c726a34", "memory"], "values": [{"value": 12.271434783935547, "step": null, "ts": 1718548809.2320447}]}, "version": 55, "at": 1718548809.233046}
{"obj": {"type": "LogFloats", "path": ["monitoring", "4c726a34", "gpu"], "values": [{"value": 11.0, "step": null, "ts": 1718548809.2320447}]}, "version": 56, "at": 1718548809.233046}
{"obj": {"type": "LogFloats", "path": ["monitoring", "4c726a34", "gpu_memory"], "values": [{"value": 1.1246795654296875, "step": null, "ts": 1718548809.2320447}]}, "version": 57, "at": 1718548809.233046}
{"obj": {"type": "LogFloats", "path": ["train_best", "0_loader", "epoch"], "values": [{"value": 1.9272977113723755, "step": null, "ts": 1718548813.680043}]}, "version": 58, "at": 1718548813.680043}
{"obj": {"type": "LogFloats", "path": ["monitoring", "4c726a34", "cpu"], "values": [{"value": 71.6, "step": null, "ts": 1718548819.233047}]}, "version": 59, "at": 1718548819.2350447}
{"obj": {"type": "LogFloats", "path": ["monitoring", "4c726a34", "memory"], "values": [{"value": 12.214241027832031, "step": null, "ts": 1718548819.233047}]}, "version": 60, "at": 1718548819.2350447}
{"obj": {"type": "LogFloats", "path": ["monitoring", "4c726a34", "gpu"], "values": [{"value": 10.0, "step": null, "ts": 1718548819.233047}]}, "version": 61, "at": 1718548819.2350447}
{"obj": {"type": "LogFloats", "path": ["monitoring", "4c726a34", "gpu_memory"], "values": [{"value": 1.1067962646484375, "step": null, "ts": 1718548819.233047}]}, "version": 62, "at": 1718548819.2350447}
{"obj": {"type": "LogFloats", "path": ["monitoring", "4c726a34", "cpu"], "values": [{"value": 83.7, "step": null, "ts": 1718548829.2350519}]}, "version": 63, "at": 1718548829.239047}
{"obj": {"type": "LogFloats", "path": ["monitoring", "4c726a34", "memory"], "values": [{"value": 12.362594604492188, "step": null, "ts": 1718548829.2350519}]}, "version": 64, "at": 1718548829.239047}
{"obj": {"type": "LogFloats", "path": ["monitoring", "4c726a34", "gpu"], "values": [{"value": 23.0, "step": null, "ts": 1718548829.2350519}]}, "version": 65, "at": 1718548829.239047}
{"obj": {"type": "LogFloats", "path": ["monitoring", "4c726a34", "gpu_memory"], "values": [{"value": 1.0906257629394531, "step": null, "ts": 1718548829.2350519}]}, "version": 66, "at": 1718548829.2400472}
{"obj": {"type": "LogFloats", "path": ["train_best", "0_loader", "epoch"], "values": [{"value": 1.929123878479004, "step": null, "ts": 1718548830.6570437}]}, "version": 67, "at": 1718548830.6570437}
{"obj": {"type": "LogFloats", "path": ["monitoring", "4c726a34", "cpu"], "values": [{"value": 90.4, "step": null, "ts": 1718548839.2410452}]}, "version": 68, "at": 1718548839.2420478}
{"obj": {"type": "LogFloats", "path": ["monitoring", "4c726a34", "memory"], "values": [{"value": 12.261093139648438, "step": null, "ts": 1718548839.2410452}]}, "version": 69, "at": 1718548839.2420478}
{"obj": {"type": "LogFloats", "path": ["monitoring", "4c726a34", "gpu"], "values": [{"value": 12.0, "step": null, "ts": 1718548839.2410452}]}, "version": 70, "at": 1718548839.2420478}
{"obj": {"type": "LogFloats", "path": ["monitoring", "4c726a34", "gpu_memory"], "values": [{"value": 1.1125526428222656, "step": null, "ts": 1718548839.2410452}]}, "version": 71, "at": 1718548839.2430449}
{"obj": {"type": "LogFloats", "path": ["train_best", "0_loader", "epoch"], "values": [{"value": 1.9857392311096191, "step": null, "ts": 1718548848.5200436}]}, "version": 72, "at": 1718548848.5200436}
{"obj": {"type": "LogFloats", "path": ["monitoring", "4c726a34", "cpu"], "values": [{"value": 79.5, "step": null, "ts": 1718548849.243045}]}, "version": 73, "at": 1718548849.244047}
{"obj": {"type": "LogFloats", "path": ["monitoring", "4c726a34", "memory"], "values": [{"value": 12.24618911743164, "step": null, "ts": 1718548849.243045}]}, "version": 74, "at": 1718548849.244047}
{"obj": {"type": "LogFloats", "path": ["monitoring", "4c726a34", "gpu"], "values": [{"value": 16.0, "step": null, "ts": 1718548849.243045}]}, "version": 75, "at": 1718548849.244047}
{"obj": {"type": "LogFloats", "path": ["monitoring", "4c726a34", "gpu_memory"], "values": [{"value": 1.1162185668945312, "step": null, "ts": 1718548849.243045}]}, "version": 76, "at": 1718548849.244047}
{"obj": {"type": "LogFloats", "path": ["monitoring", "4c726a34", "cpu"], "values": [{"value": 83.0, "step": null, "ts": 1718548859.2450466}]}, "version": 77, "at": 1718548859.2450466}
{"obj": {"type": "LogFloats", "path": ["monitoring", "4c726a34", "memory"], "values": [{"value": 12.224700927734375, "step": null, "ts": 1718548859.2450466}]}, "version": 78, "at": 1718548859.246046}
{"obj": {"type": "LogFloats", "path": ["monitoring", "4c726a34", "gpu"], "values": [{"value": 16.0, "step": null, "ts": 1718548859.2450466}]}, "version": 79, "at": 1718548859.246046}
{"obj": {"type": "LogFloats", "path": ["monitoring", "4c726a34", "gpu_memory"], "values": [{"value": 1.1365547180175781, "step": null, "ts": 1718548859.2450466}]}, "version": 80, "at": 1718548859.246046}
{"obj": {"type": "LogFloats", "path": ["train_best", "0_loader", "epoch"], "values": [{"value": 2.249406576156616, "step": null, "ts": 1718548866.7520452}]}, "version": 81, "at": 1718548866.7520452}
{"obj": {"type": "LogFloats", "path": ["monitoring", "4c726a34", "cpu"], "values": [{"value": 82.9, "step": null, "ts": 1718548869.246049}]}, "version": 82, "at": 1718548869.2480457}
{"obj": {"type": "LogFloats", "path": ["monitoring", "4c726a34", "memory"], "values": [{"value": 12.196907043457031, "step": null, "ts": 1718548869.246049}]}, "version": 83, "at": 1718548869.2480457}
{"obj": {"type": "LogFloats", "path": ["monitoring", "4c726a34", "gpu"], "values": [{"value": 12.0, "step": null, "ts": 1718548869.246049}]}, "version": 84, "at": 1718548869.2480457}
{"obj": {"type": "LogFloats", "path": ["monitoring", "4c726a34", "gpu_memory"], "values": [{"value": 1.139068603515625, "step": null, "ts": 1718548869.246049}]}, "version": 85, "at": 1718548869.2480457}
{"obj": {"type": "LogFloats", "path": ["monitoring", "4c726a34", "cpu"], "values": [{"value": 81.7, "step": null, "ts": 1718548879.2490447}]}, "version": 86, "at": 1718548879.2490447}
{"obj": {"type": "LogFloats", "path": ["monitoring", "4c726a34", "memory"], "values": [{"value": 12.192604064941406, "step": null, "ts": 1718548879.2490447}]}, "version": 87, "at": 1718548879.2500436}
{"obj": {"type": "LogFloats", "path": ["monitoring", "4c726a34", "gpu"], "values": [{"value": 11.0, "step": null, "ts": 1718548879.2490447}]}, "version": 88, "at": 1718548879.2500436}
{"obj": {"type": "LogFloats", "path": ["monitoring", "4c726a34", "gpu_memory"], "values": [{"value": 1.141937255859375, "step": null, "ts": 1718548879.2490447}]}, "version": 89, "at": 1718548879.2500436}
{"obj": {"type": "LogFloats", "path": ["train_best", "0_loader", "epoch"], "values": [{"value": 2.2290384769439697, "step": null, "ts": 1718548883.9650426}]}, "version": 90, "at": 1718548883.9650426}
{"obj": {"type": "LogFloats", "path": ["monitoring", "4c726a34", "cpu"], "values": [{"value": 84.2, "step": null, "ts": 1718548889.250047}]}, "version": 91, "at": 1718548889.2510445}
{"obj": {"type": "LogFloats", "path": ["monitoring", "4c726a34", "memory"], "values": [{"value": 12.2069091796875, "step": null, "ts": 1718548889.250047}]}, "version": 92, "at": 1718548889.2510445}
{"obj": {"type": "LogFloats", "path": ["monitoring", "4c726a34", "gpu"], "values": [{"value": 16.0, "step": null, "ts": 1718548889.250047}]}, "version": 93, "at": 1718548889.252048}
{"obj": {"type": "LogFloats", "path": ["monitoring", "4c726a34", "gpu_memory"], "values": [{"value": 1.1842460632324219, "step": null, "ts": 1718548889.250047}]}, "version": 94, "at": 1718548889.252048}
{"obj": {"type": "LogFloats", "path": ["monitoring", "4c726a34", "cpu"], "values": [{"value": 83.3, "step": null, "ts": 1718548899.2527394}]}, "version": 95, "at": 1718548899.2547371}
{"obj": {"type": "LogFloats", "path": ["monitoring", "4c726a34", "memory"], "values": [{"value": 12.230033874511719, "step": null, "ts": 1718548899.2527394}]}, "version": 96, "at": 1718548899.2547371}
{"obj": {"type": "LogFloats", "path": ["monitoring", "4c726a34", "gpu"], "values": [{"value": 14.0, "step": null, "ts": 1718548899.2527394}]}, "version": 97, "at": 1718548899.2547371}
{"obj": {"type": "LogFloats", "path": ["monitoring", "4c726a34", "gpu_memory"], "values": [{"value": 1.1700172424316406, "step": null, "ts": 1718548899.2527394}]}, "version": 98, "at": 1718548899.2557395}
{"obj": {"type": "LogFloats", "path": ["train_best", "0_loader", "epoch"], "values": [{"value": 1.952473759651184, "step": null, "ts": 1718548903.7647727}]}, "version": 99, "at": 1718548903.7647727}
{"obj": {"type": "LogFloats", "path": ["monitoring", "4c726a34", "cpu"], "values": [{"value": 87.6, "step": null, "ts": 1718548909.2557774}]}, "version": 100, "at": 1718548909.2577732}
{"obj": {"type": "LogFloats", "path": ["monitoring", "4c726a34", "memory"], "values": [{"value": 12.334659576416016, "step": null, "ts": 1718548909.2557774}]}, "version": 101, "at": 1718548909.2577732}
{"obj": {"type": "LogFloats", "path": ["monitoring", "4c726a34", "gpu"], "values": [{"value": 31.0, "step": null, "ts": 1718548909.2557774}]}, "version": 102, "at": 1718548909.2587736}
{"obj": {"type": "LogFloats", "path": ["monitoring", "4c726a34", "gpu_memory"], "values": [{"value": 1.1647491455078125, "step": null, "ts": 1718548909.2557774}]}, "version": 103, "at": 1718548909.2587736}
{"obj": {"type": "LogFloats", "path": ["monitoring", "4c726a34", "cpu"], "values": [{"value": 87.5, "step": null, "ts": 1718548919.259812}]}, "version": 104, "at": 1718548919.2608123}
{"obj": {"type": "LogFloats", "path": ["monitoring", "4c726a34", "memory"], "values": [{"value": 12.270263671875, "step": null, "ts": 1718548919.259812}]}, "version": 105, "at": 1718548919.2608123}
{"obj": {"type": "LogFloats", "path": ["monitoring", "4c726a34", "gpu"], "values": [{"value": 25.0, "step": null, "ts": 1718548919.259812}]}, "version": 106, "at": 1718548919.2608123}
{"obj": {"type": "LogFloats", "path": ["monitoring", "4c726a34", "gpu_memory"], "values": [{"value": 1.1532745361328125, "step": null, "ts": 1718548919.259812}]}, "version": 107, "at": 1718548919.2608123}
{"obj": {"type": "LogFloats", "path": ["train_best", "0_loader", "epoch"], "values": [{"value": 2.1227803230285645, "step": null, "ts": 1718548924.6708124}]}, "version": 108, "at": 1718548924.6718125}
{"obj": {"type": "LogFloats", "path": ["monitoring", "4c726a34", "cpu"], "values": [{"value": 88.6, "step": null, "ts": 1718548929.2628098}]}, "version": 109, "at": 1718548929.2628098}
{"obj": {"type": "LogFloats", "path": ["monitoring", "4c726a34", "memory"], "values": [{"value": 12.294841766357422, "step": null, "ts": 1718548929.2628098}]}, "version": 110, "at": 1718548929.263814}
{"obj": {"type": "LogFloats", "path": ["monitoring", "4c726a34", "gpu"], "values": [{"value": 30.0, "step": null, "ts": 1718548929.2628098}]}, "version": 111, "at": 1718548929.263814}
{"obj": {"type": "LogFloats", "path": ["monitoring", "4c726a34", "gpu_memory"], "values": [{"value": 1.1471290588378906, "step": null, "ts": 1718548929.2628098}]}, "version": 112, "at": 1718548929.263814}
{"obj": {"type": "LogFloats", "path": ["monitoring", "4c726a34", "cpu"], "values": [{"value": 82.4, "step": null, "ts": 1718548939.2643883}]}, "version": 113, "at": 1718548939.2643883}
{"obj": {"type": "LogFloats", "path": ["monitoring", "4c726a34", "memory"], "values": [{"value": 12.096519470214844, "step": null, "ts": 1718548939.2643883}]}, "version": 114, "at": 1718548939.2643883}
{"obj": {"type": "LogFloats", "path": ["monitoring", "4c726a34", "gpu"], "values": [{"value": 17.0, "step": null, "ts": 1718548939.2643883}]}, "version": 115, "at": 1718548939.2653885}
{"obj": {"type": "LogFloats", "path": ["monitoring", "4c726a34", "gpu_memory"], "values": [{"value": 1.1714019775390625, "step": null, "ts": 1718548939.2643883}]}, "version": 116, "at": 1718548939.2653885}
{"obj": {"type": "LogFloats", "path": ["train_best", "0_loader", "epoch"], "values": [{"value": 2.2132296562194824, "step": null, "ts": 1718548943.651389}]}, "version": 117, "at": 1718548943.651389}
{"obj": {"type": "LogFloats", "path": ["monitoring", "4c726a34", "cpu"], "values": [{"value": 73.8, "step": null, "ts": 1718548949.2653904}]}, "version": 118, "at": 1718548949.2663908}
{"obj": {"type": "LogFloats", "path": ["monitoring", "4c726a34", "memory"], "values": [{"value": 12.107696533203125, "step": null, "ts": 1718548949.2653904}]}, "version": 119, "at": 1718548949.2673943}
{"obj": {"type": "LogFloats", "path": ["monitoring", "4c726a34", "gpu"], "values": [{"value": 18.0, "step": null, "ts": 1718548949.2653904}]}, "version": 120, "at": 1718548949.2683895}
{"obj": {"type": "LogFloats", "path": ["monitoring", "4c726a34", "gpu_memory"], "values": [{"value": 1.1756668090820312, "step": null, "ts": 1718548949.2653904}]}, "version": 121, "at": 1718548949.2683895}
{"obj": {"type": "LogFloats", "path": ["monitoring", "4c726a34", "cpu"], "values": [{"value": 87.4, "step": null, "ts": 1718548959.2693882}]}, "version": 122, "at": 1718548959.2693882}
{"obj": {"type": "LogFloats", "path": ["monitoring", "4c726a34", "memory"], "values": [{"value": 12.241924285888672, "step": null, "ts": 1718548959.2693882}]}, "version": 123, "at": 1718548959.2703881}
{"obj": {"type": "LogFloats", "path": ["monitoring", "4c726a34", "gpu"], "values": [{"value": 28.0, "step": null, "ts": 1718548959.2693882}]}, "version": 124, "at": 1718548959.2703881}
{"obj": {"type": "LogFloats", "path": ["monitoring", "4c726a34", "gpu_memory"], "values": [{"value": 1.3163986206054688, "step": null, "ts": 1718548959.2693882}]}, "version": 125, "at": 1718548959.2703881}
{"obj": {"type": "LogFloats", "path": ["train_best", "0_loader", "epoch"], "values": [{"value": 2.1182775497436523, "step": null, "ts": 1718548961.4763892}]}, "version": 126, "at": 1718548961.4763892}
{"obj": {"type": "LogFloats", "path": ["monitoring", "4c726a34", "cpu"], "values": [{"value": 76.6, "step": null, "ts": 1718548969.2703884}]}, "version": 127, "at": 1718548969.2713876}
{"obj": {"type": "LogFloats", "path": ["monitoring", "4c726a34", "memory"], "values": [{"value": 12.133930206298828, "step": null, "ts": 1718548969.2703884}]}, "version": 128, "at": 1718548969.2713876}
{"obj": {"type": "LogFloats", "path": ["monitoring", "4c726a34", "gpu"], "values": [{"value": 17.0, "step": null, "ts": 1718548969.2703884}]}, "version": 129, "at": 1718548969.2713876}
{"obj": {"type": "LogFloats", "path": ["monitoring", "4c726a34", "gpu_memory"], "values": [{"value": 1.2435760498046875, "step": null, "ts": 1718548969.2703884}]}, "version": 130, "at": 1718548969.2713876}
{"obj": {"type": "LogFloats", "path": ["train_best", "0_loader", "epoch"], "values": [{"value": 2.119729995727539, "step": null, "ts": 1718548977.2383893}]}, "version": 131, "at": 1718548977.2393887}
{"obj": {"type": "LogFloats", "path": ["monitoring", "4c726a34", "cpu"], "values": [{"value": 73.7, "step": null, "ts": 1718548979.272388}]}, "version": 132, "at": 1718548979.27339}
{"obj": {"type": "LogFloats", "path": ["monitoring", "4c726a34", "memory"], "values": [{"value": 11.874698638916016, "step": null, "ts": 1718548979.272388}]}, "version": 133, "at": 1718548979.27339}
{"obj": {"type": "LogFloats", "path": ["monitoring", "4c726a34", "gpu"], "values": [{"value": 17.0, "step": null, "ts": 1718548979.272388}]}, "version": 134, "at": 1718548979.27339}
{"obj": {"type": "LogFloats", "path": ["monitoring", "4c726a34", "gpu_memory"], "values": [{"value": 1.2378997802734375, "step": null, "ts": 1718548979.272388}]}, "version": 135, "at": 1718548979.2743907}
{"obj": {"type": "LogFloats", "path": ["monitoring", "4c726a34", "cpu"], "values": [{"value": 83.7, "step": null, "ts": 1718548989.2749019}]}, "version": 136, "at": 1718548989.2749019}
{"obj": {"type": "LogFloats", "path": ["monitoring", "4c726a34", "memory"], "values": [{"value": 11.864921569824219, "step": null, "ts": 1718548989.2749019}]}, "version": 137, "at": 1718548989.2759035}
{"obj": {"type": "LogFloats", "path": ["monitoring", "4c726a34", "gpu"], "values": [{"value": 17.0, "step": null, "ts": 1718548989.2749019}]}, "version": 138, "at": 1718548989.2759035}
{"obj": {"type": "LogFloats", "path": ["monitoring", "4c726a34", "gpu_memory"], "values": [{"value": 1.2354660034179688, "step": null, "ts": 1718548989.2749019}]}, "version": 139, "at": 1718548989.2759035}
{"obj": {"type": "LogFloats", "path": ["train_best", "0_loader", "epoch"], "values": [{"value": 2.0913689136505127, "step": null, "ts": 1718548995.1709034}]}, "version": 140, "at": 1718548995.1709034}
{"obj": {"type": "LogFloats", "path": ["monitoring", "4c726a34", "cpu"], "values": [{"value": 83.9, "step": null, "ts": 1718548999.276904}]}, "version": 141, "at": 1718548999.2779076}
{"obj": {"type": "LogFloats", "path": ["monitoring", "4c726a34", "memory"], "values": [{"value": 11.90890121459961, "step": null, "ts": 1718548999.276904}]}, "version": 142, "at": 1718548999.2779076}
{"obj": {"type": "LogFloats", "path": ["monitoring", "4c726a34", "gpu"], "values": [{"value": 23.0, "step": null, "ts": 1718548999.276904}]}, "version": 143, "at": 1718548999.278902}
{"obj": {"type": "LogFloats", "path": ["monitoring", "4c726a34", "gpu_memory"], "values": [{"value": 1.2663192749023438, "step": null, "ts": 1718548999.276904}]}, "version": 144, "at": 1718548999.278902}
{"obj": {"type": "LogFloats", "path": ["monitoring", "4c726a34", "cpu"], "values": [{"value": 84.6, "step": null, "ts": 1718549009.278903}]}, "version": 145, "at": 1718549009.2799032}
{"obj": {"type": "LogFloats", "path": ["monitoring", "4c726a34", "memory"], "values": [{"value": 12.056514739990234, "step": null, "ts": 1718549009.278903}]}, "version": 146, "at": 1718549009.2799032}
{"obj": {"type": "LogFloats", "path": ["monitoring", "4c726a34", "gpu"], "values": [{"value": 16.0, "step": null, "ts": 1718549009.278903}]}, "version": 147, "at": 1718549009.2809048}
{"obj": {"type": "LogFloats", "path": ["monitoring", "4c726a34", "gpu_memory"], "values": [{"value": 1.3918914794921875, "step": null, "ts": 1718549009.278903}]}, "version": 148, "at": 1718549009.2809048}
{"obj": {"type": "LogFloats", "path": ["train_best", "0_loader", "epoch"], "values": [{"value": 2.0557632446289062, "step": null, "ts": 1718549013.3849027}]}, "version": 149, "at": 1718549013.3849027}
{"obj": {"type": "LogFloats", "path": ["monitoring", "4c726a34", "cpu"], "values": [{"value": 88.3, "step": null, "ts": 1718549019.2835798}]}, "version": 150, "at": 1718549019.28458}
{"obj": {"type": "LogFloats", "path": ["monitoring", "4c726a34", "memory"], "values": [{"value": 12.163597106933594, "step": null, "ts": 1718549019.2835798}]}, "version": 151, "at": 1718549019.28458}
{"obj": {"type": "LogFloats", "path": ["monitoring", "4c726a34", "gpu"], "values": [{"value": 26.0, "step": null, "ts": 1718549019.2835798}]}, "version": 152, "at": 1718549019.2855794}
{"obj": {"type": "LogFloats", "path": ["monitoring", "4c726a34", "gpu_memory"], "values": [{"value": 1.2019767761230469, "step": null, "ts": 1718549019.2835798}]}, "version": 153, "at": 1718549019.2855794}
{"obj": {"type": "LogFloats", "path": ["monitoring", "4c726a34", "cpu"], "values": [{"value": 89.8, "step": null, "ts": 1718549029.2995987}]}, "version": 154, "at": 1718549029.4035988}
{"obj": {"type": "LogFloats", "path": ["monitoring", "4c726a34", "memory"], "values": [{"value": 11.904029846191406, "step": null, "ts": 1718549029.2995987}]}, "version": 155, "at": 1718549029.4035988}
{"obj": {"type": "LogFloats", "path": ["monitoring", "4c726a34", "gpu"], "values": [{"value": 10.0, "step": null, "ts": 1718549029.2995987}]}, "version": 156, "at": 1718549029.4035988}
{"obj": {"type": "LogFloats", "path": ["monitoring", "4c726a34", "gpu_memory"], "values": [{"value": 1.2402381896972656, "step": null, "ts": 1718549029.2995987}]}, "version": 157, "at": 1718549029.4046}
{"obj": {"type": "LogFloats", "path": ["train_best", "0_loader", "epoch"], "values": [{"value": 2.0444202423095703, "step": null, "ts": 1718549034.8585997}]}, "version": 158, "at": 1718549034.8585997}
{"obj": {"type": "LogFloats", "path": ["monitoring", "4c726a34", "cpu"], "values": [{"value": 85.4, "step": null, "ts": 1718549039.4055972}]}, "version": 159, "at": 1718549039.4065998}
{"obj": {"type": "LogFloats", "path": ["monitoring", "4c726a34", "memory"], "values": [{"value": 12.157405853271484, "step": null, "ts": 1718549039.4055972}]}, "version": 160, "at": 1718549039.4065998}
{"obj": {"type": "LogFloats", "path": ["monitoring", "4c726a34", "gpu"], "values": [{"value": 10.0, "step": null, "ts": 1718549039.4055972}]}, "version": 161, "at": 1718549039.4076006}
{"obj": {"type": "LogFloats", "path": ["monitoring", "4c726a34", "gpu_memory"], "values": [{"value": 1.19683837890625, "step": null, "ts": 1718549039.4055972}]}, "version": 162, "at": 1718549039.4076006}
{"obj": {"type": "LogFloats", "path": ["monitoring", "4c726a34", "cpu"], "values": [{"value": 90.7, "step": null, "ts": 1718549049.4076042}]}, "version": 163, "at": 1718549049.4096029}
{"obj": {"type": "LogFloats", "path": ["monitoring", "4c726a34", "memory"], "values": [{"value": 11.960926055908203, "step": null, "ts": 1718549049.4076042}]}, "version": 164, "at": 1718549049.4096029}
{"obj": {"type": "LogFloats", "path": ["monitoring", "4c726a34", "gpu"], "values": [{"value": 12.0, "step": null, "ts": 1718549049.4076042}]}, "version": 165, "at": 1718549049.4096029}
{"obj": {"type": "LogFloats", "path": ["monitoring", "4c726a34", "gpu_memory"], "values": [{"value": 1.2106513977050781, "step": null, "ts": 1718549049.4076042}]}, "version": 166, "at": 1718549049.4106054}
{"obj": {"type": "LogFloats", "path": ["train_best", "0_loader", "epoch"], "values": [{"value": 2.0380539894104004, "step": null, "ts": 1718549053.8296545}]}, "version": 167, "at": 1718549053.8296545}
{"obj": {"type": "LogFloats", "path": ["monitoring", "4c726a34", "cpu"], "values": [{"value": 79.7, "step": null, "ts": 1718549059.4106567}]}, "version": 168, "at": 1718549059.4116561}
{"obj": {"type": "LogFloats", "path": ["monitoring", "4c726a34", "memory"], "values": [{"value": 11.964534759521484, "step": null, "ts": 1718549059.4106567}]}, "version": 169, "at": 1718549059.4116561}
{"obj": {"type": "LogFloats", "path": ["monitoring", "4c726a34", "gpu"], "values": [{"value": 17.0, "step": null, "ts": 1718549059.4106567}]}, "version": 170, "at": 1718549059.4116561}
{"obj": {"type": "LogFloats", "path": ["monitoring", "4c726a34", "gpu_memory"], "values": [{"value": 1.2207107543945312, "step": null, "ts": 1718549059.4106567}]}, "version": 171, "at": 1718549059.4116561}
{"obj": {"type": "LogFloats", "path": ["monitoring", "4c726a34", "cpu"], "values": [{"value": 86.8, "step": null, "ts": 1718549069.4126546}]}, "version": 172, "at": 1718549069.4126546}
{"obj": {"type": "LogFloats", "path": ["monitoring", "4c726a34", "memory"], "values": [{"value": 11.998592376708984, "step": null, "ts": 1718549069.4126546}]}, "version": 173, "at": 1718549069.4136577}
{"obj": {"type": "LogFloats", "path": ["monitoring", "4c726a34", "gpu"], "values": [{"value": 10.0, "step": null, "ts": 1718549069.4126546}]}, "version": 174, "at": 1718549069.4136577}
{"obj": {"type": "LogFloats", "path": ["monitoring", "4c726a34", "gpu_memory"], "values": [{"value": 1.3184852600097656, "step": null, "ts": 1718549069.4126546}]}, "version": 175, "at": 1718549069.4136577}
{"obj": {"type": "LogFloats", "path": ["train_best", "0_loader", "epoch"], "values": [{"value": 1.9986050128936768, "step": null, "ts": 1718549072.4456558}]}, "version": 176, "at": 1718549072.4456558}
{"obj": {"type": "LogFloats", "path": ["monitoring", "4c726a34", "cpu"], "values": [{"value": 82.4, "step": null, "ts": 1718549079.4146552}]}, "version": 177, "at": 1718549079.4146552}
{"obj": {"type": "LogFloats", "path": ["monitoring", "4c726a34", "memory"], "values": [{"value": 11.996692657470703, "step": null, "ts": 1718549079.4146552}]}, "version": 178, "at": 1718549079.4156613}
{"obj": {"type": "LogFloats", "path": ["monitoring", "4c726a34", "gpu"], "values": [{"value": 16.0, "step": null, "ts": 1718549079.4146552}]}, "version": 179, "at": 1718549079.4156613}
{"obj": {"type": "LogFloats", "path": ["monitoring", "4c726a34", "gpu_memory"], "values": [{"value": 1.231048583984375, "step": null, "ts": 1718549079.4146552}]}, "version": 180, "at": 1718549079.4156613}
{"obj": {"type": "LogFloats", "path": ["monitoring", "4c726a34", "cpu"], "values": [{"value": 84.0, "step": null, "ts": 1718549089.417655}]}, "version": 181, "at": 1718549089.4186573}
{"obj": {"type": "LogFloats", "path": ["monitoring", "4c726a34", "memory"], "values": [{"value": 12.093826293945312, "step": null, "ts": 1718549089.417655}]}, "version": 182, "at": 1718549089.4186573}
{"obj": {"type": "LogFloats", "path": ["monitoring", "4c726a34", "gpu"], "values": [{"value": 17.0, "step": null, "ts": 1718549089.417655}]}, "version": 183, "at": 1718549089.4186573}
{"obj": {"type": "LogFloats", "path": ["monitoring", "4c726a34", "gpu_memory"], "values": [{"value": 1.3236465454101562, "step": null, "ts": 1718549089.417655}]}, "version": 184, "at": 1718549089.4186573}
{"obj": {"type": "LogFloats", "path": ["train_best", "0_loader", "epoch"], "values": [{"value": 1.986282229423523, "step": null, "ts": 1718549089.7996562}]}, "version": 185, "at": 1718549089.7996562}
{"obj": {"type": "LogFloats", "path": ["monitoring", "4c726a34", "cpu"], "values": [{"value": 80.2, "step": null, "ts": 1718549099.4186575}]}, "version": 186, "at": 1718549099.4196556}
{"obj": {"type": "LogFloats", "path": ["monitoring", "4c726a34", "memory"], "values": [{"value": 12.04257583618164, "step": null, "ts": 1718549099.4186575}]}, "version": 187, "at": 1718549099.4196556}
{"obj": {"type": "LogFloats", "path": ["monitoring", "4c726a34", "gpu"], "values": [{"value": 16.0, "step": null, "ts": 1718549099.4186575}]}, "version": 188, "at": 1718549099.420654}
{"obj": {"type": "LogFloats", "path": ["monitoring", "4c726a34", "gpu_memory"], "values": [{"value": 1.189971923828125, "step": null, "ts": 1718549099.4186575}]}, "version": 189, "at": 1718549099.420654}
{"obj": {"type": "LogFloats", "path": ["train_best", "0_loader", "epoch"], "values": [{"value": 1.9846086502075195, "step": null, "ts": 1718549106.8516562}]}, "version": 190, "at": 1718549106.8516562}
{"obj": {"type": "LogFloats", "path": ["monitoring", "4c726a34", "cpu"], "values": [{"value": 82.6, "step": null, "ts": 1718549109.4216533}]}, "version": 191, "at": 1718549109.4216533}
{"obj": {"type": "LogFloats", "path": ["monitoring", "4c726a34", "memory"], "values": [{"value": 12.000190734863281, "step": null, "ts": 1718549109.4216533}]}, "version": 192, "at": 1718549109.422656}
{"obj": {"type": "LogFloats", "path": ["monitoring", "4c726a34", "gpu"], "values": [{"value": 16.0, "step": null, "ts": 1718549109.4216533}]}, "version": 193, "at": 1718549109.422656}
{"obj": {"type": "LogFloats", "path": ["monitoring", "4c726a34", "gpu_memory"], "values": [{"value": 1.207672119140625, "step": null, "ts": 1718549109.4216533}]}, "version": 194, "at": 1718549109.422656}
{"obj": {"type": "LogFloats", "path": ["monitoring", "4c726a34", "cpu"], "values": [{"value": 79.1, "step": null, "ts": 1718549119.4227529}]}, "version": 195, "at": 1718549119.423687}
{"obj": {"type": "LogFloats", "path": ["monitoring", "4c726a34", "memory"], "values": [{"value": 12.013137817382812, "step": null, "ts": 1718549119.4227529}]}, "version": 196, "at": 1718549119.423687}
{"obj": {"type": "LogFloats", "path": ["monitoring", "4c726a34", "gpu"], "values": [{"value": 17.0, "step": null, "ts": 1718549119.4227529}]}, "version": 197, "at": 1718549119.423687}
{"obj": {"type": "LogFloats", "path": ["monitoring", "4c726a34", "gpu_memory"], "values": [{"value": 1.2235488891601562, "step": null, "ts": 1718549119.4227529}]}, "version": 198, "at": 1718549119.423687}
{"obj": {"type": "LogFloats", "path": ["train_best", "0_loader", "epoch"], "values": [{"value": 1.9686096906661987, "step": null, "ts": 1718549123.6836863}]}, "version": 199, "at": 1718549123.6836863}
{"obj": {"type": "LogFloats", "path": ["monitoring", "4c726a34", "cpu"], "values": [{"value": 78.1, "step": null, "ts": 1718549129.424687}]}, "version": 200, "at": 1718549129.4256918}
{"obj": {"type": "LogFloats", "path": ["monitoring", "4c726a34", "memory"], "values": [{"value": 11.981399536132812, "step": null, "ts": 1718549129.424687}]}, "version": 201, "at": 1718549129.4256918}
{"obj": {"type": "LogFloats", "path": ["monitoring", "4c726a34", "gpu"], "values": [{"value": 16.0, "step": null, "ts": 1718549129.424687}]}, "version": 202, "at": 1718549129.4256918}
{"obj": {"type": "LogFloats", "path": ["monitoring", "4c726a34", "gpu_memory"], "values": [{"value": 1.178741455078125, "step": null, "ts": 1718549129.424687}]}, "version": 203, "at": 1718549129.4256918}
{"obj": {"type": "LogFloats", "path": ["monitoring", "4c726a34", "cpu"], "values": [{"value": 78.0, "step": null, "ts": 1718549139.42769}]}, "version": 204, "at": 1718549139.4286895}
{"obj": {"type": "LogFloats", "path": ["monitoring", "4c726a34", "memory"], "values": [{"value": 11.927249908447266, "step": null, "ts": 1718549139.42769}]}, "version": 205, "at": 1718549139.4286895}
{"obj": {"type": "LogFloats", "path": ["monitoring", "4c726a34", "gpu"], "values": [{"value": 17.0, "step": null, "ts": 1718549139.42769}]}, "version": 206, "at": 1718549139.4286895}
{"obj": {"type": "LogFloats", "path": ["monitoring", "4c726a34", "gpu_memory"], "values": [{"value": 1.180816650390625, "step": null, "ts": 1718549139.42769}]}, "version": 207, "at": 1718549139.4286895}
{"obj": {"type": "LogFloats", "path": ["train_best", "0_loader", "epoch"], "values": [{"value": 1.9695676565170288, "step": null, "ts": 1718549140.086686}]}, "version": 208, "at": 1718549140.086686}
{"obj": {"type": "LogFloats", "path": ["monitoring", "4c726a34", "cpu"], "values": [{"value": 85.6, "step": null, "ts": 1718549149.4296882}]}, "version": 209, "at": 1718549149.430687}
{"obj": {"type": "LogFloats", "path": ["monitoring", "4c726a34", "memory"], "values": [{"value": 11.978507995605469, "step": null, "ts": 1718549149.4296882}]}, "version": 210, "at": 1718549149.430687}
{"obj": {"type": "LogFloats", "path": ["monitoring", "4c726a34", "gpu"], "values": [{"value": 26.0, "step": null, "ts": 1718549149.4296882}]}, "version": 211, "at": 1718549149.43169}
{"obj": {"type": "LogFloats", "path": ["monitoring", "4c726a34", "gpu_memory"], "values": [{"value": 1.2147598266601562, "step": null, "ts": 1718549149.4296882}]}, "version": 212, "at": 1718549149.43169}
{"obj": {"type": "LogFloats", "path": ["train_best", "0_loader", "epoch"], "values": [{"value": 1.973644733428955, "step": null, "ts": 1718549157.5726862}]}, "version": 213, "at": 1718549157.5726862}
{"obj": {"type": "LogFloats", "path": ["monitoring", "4c726a34", "cpu"], "values": [{"value": 80.4, "step": null, "ts": 1718549159.4326892}]}, "version": 214, "at": 1718549159.4326892}
{"obj": {"type": "LogFloats", "path": ["monitoring", "4c726a34", "memory"], "values": [{"value": 11.955726623535156, "step": null, "ts": 1718549159.4326892}]}, "version": 215, "at": 1718549159.4336889}
{"obj": {"type": "LogFloats", "path": ["monitoring", "4c726a34", "gpu"], "values": [{"value": 24.0, "step": null, "ts": 1718549159.4326892}]}, "version": 216, "at": 1718549159.4336889}
{"obj": {"type": "LogFloats", "path": ["monitoring", "4c726a34", "gpu_memory"], "values": [{"value": 1.179656982421875, "step": null, "ts": 1718549159.4326892}]}, "version": 217, "at": 1718549159.4336889}
{"obj": {"type": "LogFloats", "path": ["monitoring", "4c726a34", "cpu"], "values": [{"value": 83.0, "step": null, "ts": 1718549169.4337602}]}, "version": 218, "at": 1718549169.4347599}
{"obj": {"type": "LogFloats", "path": ["monitoring", "4c726a34", "memory"], "values": [{"value": 11.9534912109375, "step": null, "ts": 1718549169.4337602}]}, "version": 219, "at": 1718549169.435762}
{"obj": {"type": "LogFloats", "path": ["monitoring", "4c726a34", "gpu"], "values": [{"value": 24.0, "step": null, "ts": 1718549169.4337602}]}, "version": 220, "at": 1718549169.435762}
{"obj": {"type": "LogFloats", "path": ["monitoring", "4c726a34", "gpu_memory"], "values": [{"value": 1.187530517578125, "step": null, "ts": 1718549169.4337602}]}, "version": 221, "at": 1718549169.435762}
{"obj": {"type": "LogFloats", "path": ["train_best", "0_loader", "epoch"], "values": [{"value": 1.9567596912384033, "step": null, "ts": 1718549175.1727617}]}, "version": 222, "at": 1718549175.1727617}
{"obj": {"type": "LogFloats", "path": ["monitoring", "4c726a34", "cpu"], "values": [{"value": 85.6, "step": null, "ts": 1718549179.4357624}]}, "version": 223, "at": 1718549179.4387617}
{"obj": {"type": "LogFloats", "path": ["monitoring", "4c726a34", "memory"], "values": [{"value": 11.957172393798828, "step": null, "ts": 1718549179.4357624}]}, "version": 224, "at": 1718549179.4397626}
{"obj": {"type": "LogFloats", "path": ["monitoring", "4c726a34", "gpu"], "values": [{"value": 24.0, "step": null, "ts": 1718549179.4357624}]}, "version": 225, "at": 1718549179.4397626}
{"obj": {"type": "LogFloats", "path": ["monitoring", "4c726a34", "gpu_memory"], "values": [{"value": 1.182830810546875, "step": null, "ts": 1718549179.4357624}]}, "version": 226, "at": 1718549179.4397626}
{"obj": {"type": "LogFloats", "path": ["monitoring", "4c726a34", "cpu"], "values": [{"value": 87.3, "step": null, "ts": 1718549189.440765}]}, "version": 227, "at": 1718549189.4417658}
{"obj": {"type": "LogFloats", "path": ["monitoring", "4c726a34", "memory"], "values": [{"value": 12.057605743408203, "step": null, "ts": 1718549189.440765}]}, "version": 228, "at": 1718549189.4417658}
{"obj": {"type": "LogFloats", "path": ["monitoring", "4c726a34", "gpu"], "values": [{"value": 26.0, "step": null, "ts": 1718549189.440765}]}, "version": 229, "at": 1718549189.4417658}
{"obj": {"type": "LogFloats", "path": ["monitoring", "4c726a34", "gpu_memory"], "values": [{"value": 1.2049331665039062, "step": null, "ts": 1718549189.440765}]}, "version": 230, "at": 1718549189.4417658}
{"obj": {"type": "LogFloats", "path": ["train_best", "0_loader", "epoch"], "values": [{"value": 1.9655532836914062, "step": null, "ts": 1718549194.762761}]}, "version": 231, "at": 1718549194.762761}
{"obj": {"type": "LogFloats", "path": ["monitoring", "4c726a34", "cpu"], "values": [{"value": 83.2, "step": null, "ts": 1718549199.443763}]}, "version": 232, "at": 1718549199.445763}
{"obj": {"type": "LogFloats", "path": ["monitoring", "4c726a34", "memory"], "values": [{"value": 12.09124755859375, "step": null, "ts": 1718549199.443763}]}, "version": 233, "at": 1718549199.4467626}
{"obj": {"type": "LogFloats", "path": ["monitoring", "4c726a34", "gpu"], "values": [{"value": 24.0, "step": null, "ts": 1718549199.443763}]}, "version": 234, "at": 1718549199.4467626}
{"obj": {"type": "LogFloats", "path": ["monitoring", "4c726a34", "gpu_memory"], "values": [{"value": 1.1982879638671875, "step": null, "ts": 1718549199.443763}]}, "version": 235, "at": 1718549199.4467626}
{"obj": {"type": "LogFloats", "path": ["monitoring", "4c726a34", "cpu"], "values": [{"value": 88.8, "step": null, "ts": 1718549209.4468005}]}, "version": 236, "at": 1718549209.4477987}
{"obj": {"type": "LogFloats", "path": ["monitoring", "4c726a34", "memory"], "values": [{"value": 12.145156860351562, "step": null, "ts": 1718549209.4468005}]}, "version": 237, "at": 1718549209.4487982}
{"obj": {"type": "LogFloats", "path": ["monitoring", "4c726a34", "gpu"], "values": [{"value": 20.0, "step": null, "ts": 1718549209.4468005}]}, "version": 238, "at": 1718549209.4487982}
{"obj": {"type": "LogFloats", "path": ["monitoring", "4c726a34", "gpu_memory"], "values": [{"value": 1.2507972717285156, "step": null, "ts": 1718549209.4468005}]}, "version": 239, "at": 1718549209.4487982}
{"obj": {"type": "LogFloats", "path": ["train_best", "0_loader", "epoch"], "values": [{"value": 1.9496515989303589, "step": null, "ts": 1718549215.910034}]}, "version": 240, "at": 1718549215.910034}
{"obj": {"type": "LogFloats", "path": ["monitoring", "4c726a34", "cpu"], "values": [{"value": 91.1, "step": null, "ts": 1718549219.449034}]}, "version": 241, "at": 1718549219.450033}
{"obj": {"type": "LogFloats", "path": ["monitoring", "4c726a34", "memory"], "values": [{"value": 12.169059753417969, "step": null, "ts": 1718549219.449034}]}, "version": 242, "at": 1718549219.450033}
{"obj": {"type": "LogFloats", "path": ["monitoring", "4c726a34", "gpu"], "values": [{"value": 19.0, "step": null, "ts": 1718549219.449034}]}, "version": 243, "at": 1718549219.450033}
{"obj": {"type": "LogFloats", "path": ["monitoring", "4c726a34", "gpu_memory"], "values": [{"value": 1.2652854919433594, "step": null, "ts": 1718549219.449034}]}, "version": 244, "at": 1718549219.451035}
{"obj": {"type": "LogFloats", "path": ["monitoring", "4c726a34", "cpu"], "values": [{"value": 87.7, "step": null, "ts": 1718549229.4520338}]}, "version": 245, "at": 1718549229.4530344}
{"obj": {"type": "LogFloats", "path": ["monitoring", "4c726a34", "memory"], "values": [{"value": 12.197078704833984, "step": null, "ts": 1718549229.4520338}]}, "version": 246, "at": 1718549229.4530344}
{"obj": {"type": "LogFloats", "path": ["monitoring", "4c726a34", "gpu"], "values": [{"value": 24.0, "step": null, "ts": 1718549229.4520338}]}, "version": 247, "at": 1718549229.4530344}
{"obj": {"type": "LogFloats", "path": ["monitoring", "4c726a34", "gpu_memory"], "values": [{"value": 1.3365135192871094, "step": null, "ts": 1718549229.4520338}]}, "version": 248, "at": 1718549229.4530344}
{"obj": {"type": "LogFloats", "path": ["train_best", "0_loader", "epoch"], "values": [{"value": 1.9567221403121948, "step": null, "ts": 1718549234.7547233}]}, "version": 249, "at": 1718549234.7547233}
{"obj": {"type": "LogFloats", "path": ["monitoring", "4c726a34", "cpu"], "values": [{"value": 76.4, "step": null, "ts": 1718549239.4537253}]}, "version": 250, "at": 1718549239.454724}
{"obj": {"type": "LogFloats", "path": ["monitoring", "4c726a34", "memory"], "values": [{"value": 12.115497589111328, "step": null, "ts": 1718549239.4537253}]}, "version": 251, "at": 1718549239.4557242}
{"obj": {"type": "LogFloats", "path": ["monitoring", "4c726a34", "gpu"], "values": [{"value": 24.0, "step": null, "ts": 1718549239.4537253}]}, "version": 252, "at": 1718549239.4557242}
{"obj": {"type": "LogFloats", "path": ["monitoring", "4c726a34", "gpu_memory"], "values": [{"value": 1.2692298889160156, "step": null, "ts": 1718549239.4537253}]}, "version": 253, "at": 1718549239.4557242}
{"obj": {"type": "LogFloats", "path": ["monitoring", "4c726a34", "cpu"], "values": [{"value": 81.0, "step": null, "ts": 1718549249.4562466}]}, "version": 254, "at": 1718549249.4562466}
{"obj": {"type": "LogFloats", "path": ["monitoring", "4c726a34", "memory"], "values": [{"value": 12.00253677368164, "step": null, "ts": 1718549249.4562466}]}, "version": 255, "at": 1718549249.4572468}
{"obj": {"type": "LogFloats", "path": ["monitoring", "4c726a34", "gpu"], "values": [{"value": 24.0, "step": null, "ts": 1718549249.4562466}]}, "version": 256, "at": 1718549249.4572468}
{"obj": {"type": "LogFloats", "path": ["monitoring", "4c726a34", "gpu_memory"], "values": [{"value": 1.2588539123535156, "step": null, "ts": 1718549249.4562466}]}, "version": 257, "at": 1718549249.4572468}
{"obj": {"type": "LogFloats", "path": ["train_best", "0_loader", "epoch"], "values": [{"value": 1.9559502601623535, "step": null, "ts": 1718549252.3622475}]}, "version": 258, "at": 1718549252.3622475}
{"obj": {"type": "LogFloats", "path": ["monitoring", "4c726a34", "cpu"], "values": [{"value": 77.3, "step": null, "ts": 1718549259.4572473}]}, "version": 259, "at": 1718549259.458248}
{"obj": {"type": "LogFloats", "path": ["monitoring", "4c726a34", "memory"], "values": [{"value": 11.958477020263672, "step": null, "ts": 1718549259.4572473}]}, "version": 260, "at": 1718549259.458248}
{"obj": {"type": "LogFloats", "path": ["monitoring", "4c726a34", "gpu"], "values": [{"value": 24.0, "step": null, "ts": 1718549259.4572473}]}, "version": 261, "at": 1718549259.458248}
{"obj": {"type": "LogFloats", "path": ["monitoring", "4c726a34", "gpu_memory"], "values": [{"value": 1.2455329895019531, "step": null, "ts": 1718549259.4572473}]}, "version": 262, "at": 1718549259.458248}
{"obj": {"type": "LogFloats", "path": ["train_best", "0_loader", "epoch"], "values": [{"value": 1.9546557664871216, "step": null, "ts": 1718549269.2722478}]}, "version": 263, "at": 1718549269.2722478}
{"obj": {"type": "LogFloats", "path": ["monitoring", "4c726a34", "cpu"], "values": [{"value": 78.0, "step": null, "ts": 1718549269.4592476}]}, "version": 264, "at": 1718549269.4592476}
{"obj": {"type": "LogFloats", "path": ["monitoring", "4c726a34", "memory"], "values": [{"value": 12.077167510986328, "step": null, "ts": 1718549269.4592476}]}, "version": 265, "at": 1718549269.460248}
{"obj": {"type": "LogFloats", "path": ["monitoring", "4c726a34", "gpu"], "values": [{"value": 24.0, "step": null, "ts": 1718549269.4592476}]}, "version": 266, "at": 1718549269.460248}
{"obj": {"type": "LogFloats", "path": ["monitoring", "4c726a34", "gpu_memory"], "values": [{"value": 1.3207969665527344, "step": null, "ts": 1718549269.4592476}]}, "version": 267, "at": 1718549269.460248}
{"obj": {"type": "LogFloats", "path": ["monitoring", "4c726a34", "cpu"], "values": [{"value": 81.7, "step": null, "ts": 1718549279.4602826}]}, "version": 268, "at": 1718549279.4612842}
{"obj": {"type": "LogFloats", "path": ["monitoring", "4c726a34", "memory"], "values": [{"value": 12.02768325805664, "step": null, "ts": 1718549279.4602826}]}, "version": 269, "at": 1718549279.4622812}
{"obj": {"type": "LogFloats", "path": ["monitoring", "4c726a34", "gpu"], "values": [{"value": 24.0, "step": null, "ts": 1718549279.4602826}]}, "version": 270, "at": 1718549279.4622812}
{"obj": {"type": "LogFloats", "path": ["monitoring", "4c726a34", "gpu_memory"], "values": [{"value": 1.2363166809082031, "step": null, "ts": 1718549279.4602826}]}, "version": 271, "at": 1718549279.4622812}
{"obj": {"type": "LogFloats", "path": ["train_best", "0_loader", "epoch"], "values": [{"value": 1.962335228919983, "step": null, "ts": 1718549287.4357913}]}, "version": 272, "at": 1718549287.4357913}
{"obj": {"type": "LogFloats", "path": ["monitoring", "4c726a34", "cpu"], "values": [{"value": 80.8, "step": null, "ts": 1718549289.4627926}]}, "version": 273, "at": 1718549289.4637947}
{"obj": {"type": "LogFloats", "path": ["monitoring", "4c726a34", "memory"], "values": [{"value": 11.98196029663086, "step": null, "ts": 1718549289.4627926}]}, "version": 274, "at": 1718549289.4637947}
{"obj": {"type": "LogFloats", "path": ["monitoring", "4c726a34", "gpu"], "values": [{"value": 25.0, "step": null, "ts": 1718549289.4627926}]}, "version": 275, "at": 1718549289.4637947}
{"obj": {"type": "LogFloats", "path": ["monitoring", "4c726a34", "gpu_memory"], "values": [{"value": 1.2328376770019531, "step": null, "ts": 1718549289.4627926}]}, "version": 276, "at": 1718549289.4637947}
{"obj": {"type": "LogFloats", "path": ["monitoring", "4c726a34", "cpu"], "values": [{"value": 85.9, "step": null, "ts": 1718549299.4647918}]}, "version": 277, "at": 1718549299.4657917}
{"obj": {"type": "LogFloats", "path": ["monitoring", "4c726a34", "memory"], "values": [{"value": 11.720401763916016, "step": null, "ts": 1718549299.4647918}]}, "version": 278, "at": 1718549299.4657917}
{"obj": {"type": "LogFloats", "path": ["monitoring", "4c726a34", "gpu"], "values": [{"value": 26.0, "step": null, "ts": 1718549299.4647918}]}, "version": 279, "at": 1718549299.4657917}
{"obj": {"type": "LogFloats", "path": ["monitoring", "4c726a34", "gpu_memory"], "values": [{"value": 1.2545738220214844, "step": null, "ts": 1718549299.4647918}]}, "version": 280, "at": 1718549299.4667935}
{"obj": {"type": "LogFloats", "path": ["train_best", "0_loader", "epoch"], "values": [{"value": 1.954058289527893, "step": null, "ts": 1718549305.7727919}]}, "version": 281, "at": 1718549305.7727919}
{"obj": {"type": "LogFloats", "path": ["monitoring", "4c726a34", "cpu"], "values": [{"value": 86.4, "step": null, "ts": 1718549309.4677927}]}, "version": 282, "at": 1718549309.4688013}
{"obj": {"type": "LogFloats", "path": ["monitoring", "4c726a34", "memory"], "values": [{"value": 11.758655548095703, "step": null, "ts": 1718549309.4677927}]}, "version": 283, "at": 1718549309.4688013}
{"obj": {"type": "LogFloats", "path": ["monitoring", "4c726a34", "gpu"], "values": [{"value": 22.0, "step": null, "ts": 1718549309.4677927}]}, "version": 284, "at": 1718549309.469791}
{"obj": {"type": "LogFloats", "path": ["monitoring", "4c726a34", "gpu_memory"], "values": [{"value": 1.2811241149902344, "step": null, "ts": 1718549309.4677927}]}, "version": 285, "at": 1718549309.4707916}
{"obj": {"type": "LogFloats", "path": ["monitoring", "4c726a34", "cpu"], "values": [{"value": 83.7, "step": null, "ts": 1718549319.470795}]}, "version": 286, "at": 1718549319.4717915}
{"obj": {"type": "LogFloats", "path": ["monitoring", "4c726a34", "memory"], "values": [{"value": 11.764423370361328, "step": null, "ts": 1718549319.470795}]}, "version": 287, "at": 1718549319.4717915}
{"obj": {"type": "LogFloats", "path": ["monitoring", "4c726a34", "gpu"], "values": [{"value": 21.0, "step": null, "ts": 1718549319.470795}]}, "version": 288, "at": 1718549319.4717915}
{"obj": {"type": "LogFloats", "path": ["monitoring", "4c726a34", "gpu_memory"], "values": [{"value": 1.2863426208496094, "step": null, "ts": 1718549319.470795}]}, "version": 289, "at": 1718549319.4717915}
{"obj": {"type": "LogFloats", "path": ["train_best", "0_loader", "epoch"], "values": [{"value": 1.9475936889648438, "step": null, "ts": 1718549324.403791}]}, "version": 290, "at": 1718549324.403791}
{"obj": {"type": "LogFloats", "path": ["monitoring", "4c726a34", "cpu"], "values": [{"value": 82.7, "step": null, "ts": 1718549329.4723718}]}, "version": 291, "at": 1718549329.4733717}
{"obj": {"type": "LogFloats", "path": ["monitoring", "4c726a34", "memory"], "values": [{"value": 11.768196105957031, "step": null, "ts": 1718549329.4723718}]}, "version": 292, "at": 1718549329.4733717}
{"obj": {"type": "LogFloats", "path": ["monitoring", "4c726a34", "gpu"], "values": [{"value": 19.0, "step": null, "ts": 1718549329.4723718}]}, "version": 293, "at": 1718549329.4733717}
{"obj": {"type": "LogFloats", "path": ["monitoring", "4c726a34", "gpu_memory"], "values": [{"value": 1.3111228942871094, "step": null, "ts": 1718549329.4723718}]}, "version": 294, "at": 1718549329.4733717}
